<?xml version="1.0" encoding="UTF-8"?>
<!-- Generated by org.testng.reporters.JUnitReportReporter -->
<testsuite skipped="0" hostname="AjVivoBook" name="testcases.UploadFileUsingSendKeys" tests="1" failures="0" timestamp="2021-02-23T08:31:24 IST" time="13.067" errors="0">
  <testcase name="UploadFileUsingSendKeysTest" time="13.067" classname="testcases.UploadFileUsingSendKeys"/>
  <system-out/>
</testsuite> <!-- testcases.UploadFileUsingSendKeys -->
