<?xml version="1.0" encoding="UTF-8"?>
<!-- Generated by org.testng.reporters.JUnitReportReporter -->
<testsuite skipped="0" hostname="AjVivoBook" name="testcases.UploadFileUsingRobotClass" tests="1" failures="0" timestamp="2021-02-25T07:51:50 IST" time="32.759" errors="0">
  <testcase name="UploadFileUsingRobotClassTest" time="32.759" classname="testcases.UploadFileUsingRobotClass"/>
  <system-out/>
</testsuite> <!-- testcases.UploadFileUsingRobotClass -->
