<?xml version="1.0" encoding="UTF-8"?>
<!-- Generated by org.testng.reporters.JUnitReportReporter -->
<testsuite skipped="0" hostname="AjVivoBook" name="testcases.UploadFileUsingAutoIT" tests="1" failures="0" timestamp="2021-01-29T22:41:32 IST" time="18.098" errors="0">
  <testcase name="UploadFileUsingAutoITTest" time="18.098" classname="testcases.UploadFileUsingAutoIT"/>
  <system-out/>
</testsuite> <!-- testcases.UploadFileUsingAutoIT -->
